# JRE version: Java(TM) SE Runtime Environment (8.0_201-b09) (build 1.8.0_201-b09)
# Java VM: Java HotSpot(TM) 64-Bit Server VM (25.201-b09 mixed mode linux-amd64 compressed oops)
Heap:
 PSYoungGen      total 242688K, used 0K [0x00000000eab00000, 0x0000000100000000, 0x0000000100000000)
  eden space 203776K, 0% used [0x00000000eab00000,0x00000000eab00000,0x00000000f7200000)
  from space 38912K, 0% used [0x00000000fda00000,0x00000000fda00000,0x0000000100000000)
  to   space 72704K, 0% used [0x00000000f7200000,0x00000000f7200000,0x00000000fb900000)
 ParOldGen       total 169472K, used 158734K [0x00000000c0000000, 0x00000000ca580000, 0x00000000eab00000)
  object space 169472K, 93% used [0x00000000c0000000,0x00000000c9b039c0,0x00000000ca580000)
 Metaspace       used 83880K, capacity 86949K, committed 87320K, reserved 1124352K
  class space    used 11041K, capacity 11726K, committed 11824K, reserved 1048576K
GC Heap History (10 events):
Event: 30.172 GC heap after
Heap after GC invocations=21 (full 3):
 PSYoungGen      total 312320K, used 14800K [0x00000000eab00000, 0x0000000100000000, 0x0000000100000000)
  eden space 273408K, 0% used [0x00000000eab00000,0x00000000eab00000,0x00000000fb600000)
  from space 38912K, 38% used [0x00000000fda00000,0x00000000fe874030,0x0000000100000000)
  to   space 36864K, 0% used [0x00000000fb600000,0x00000000fb600000,0x00000000fda00000)
 ParOldGen       total 141312K, used 86789K [0x00000000c0000000, 0x00000000c8a00000, 0x00000000eab00000)
  object space 141312K, 61% used [0x00000000c0000000,0x00000000c54c14a0,0x00000000c8a00000)
 Metaspace       used 80921K, capacity 83495K, committed 83736K, reserved 1122304K
  class space    used 10699K, capacity 11257K, committed 11312K, reserved 1048576K
}
Event: 32.894 GC heap before
{Heap before GC invocations=22 (full 3):
 PSYoungGen      total 312320K, used 288208K [0x00000000eab00000, 0x0000000100000000, 0x0000000100000000)
  eden space 273408K, 100% used [0x00000000eab00000,0x00000000fb600000,0x00000000fb600000)
  from space 38912K, 38% used [0x00000000fda00000,0x00000000fe874030,0x0000000100000000)
  to   space 36864K, 0% used [0x00000000fb600000,0x00000000fb600000,0x00000000fda00000)
 ParOldGen       total 141312K, used 86789K [0x00000000c0000000, 0x00000000c8a00000, 0x00000000eab00000)
  object space 141312K, 61% used [0x00000000c0000000,0x00000000c54c14a0,0x00000000c8a00000)
 Metaspace       used 81827K, capacity 84505K, committed 84632K, reserved 1122304K
  class space    used 10771K, capacity 11328K, committed 11440K, reserved 1048576K
Event: 32.924 GC heap after
Heap after GC invocations=22 (full 3):
 PSYoungGen      total 310272K, used 22209K [0x00000000eab00000, 0x00000000ffe00000, 0x0000000100000000)
  eden space 273408K, 0% used [0x00000000eab00000,0x00000000eab00000,0x00000000fb600000)
  from space 36864K, 60% used [0x00000000fb600000,0x00000000fcbb0510,0x00000000fda00000)
  to   space 36864K, 0% used [0x00000000fda00000,0x00000000fda00000,0x00000000ffe00000)
 ParOldGen       total 141312K, used 98833K [0x00000000c0000000, 0x00000000c8a00000, 0x00000000eab00000)
  object space 141312K, 69% used [0x00000000c0000000,0x00000000c60845d8,0x00000000c8a00000)
 Metaspace       used 81827K, capacity 84505K, committed 84632K, reserved 1122304K
  class space    used 10771K, capacity 11328K, committed 11440K, reserved 1048576K
}
Event: 35.999 GC heap before
{Heap before GC invocations=23 (full 3):
 PSYoungGen      total 310272K, used 295617K [0x00000000eab00000, 0x00000000ffe00000, 0x0000000100000000)
  eden space 273408K, 100% used [0x00000000eab00000,0x00000000fb600000,0x00000000fb600000)
  from space 36864K, 60% used [0x00000000fb600000,0x00000000fcbb0510,0x00000000fda00000)
  to   space 36864K, 0% used [0x00000000fda00000,0x00000000fda00000,0x00000000ffe00000)
 ParOldGen       total 141312K, used 98833K [0x00000000c0000000, 0x00000000c8a00000, 0x00000000eab00000)
  object space 141312K, 69% used [0x00000000c0000000,0x00000000c60845d8,0x00000000c8a00000)
 Metaspace       used 83071K, capacity 86025K, committed 86168K, reserved 1124352K
  class space    used 10941K, capacity 11592K, committed 11696K, reserved 1048576K
Event: 36.008 GC heap after
Heap after GC invocations=23 (full 3):
 PSYoungGen      total 310272K, used 5406K [0x00000000eab00000, 0x0000000100000000, 0x0000000100000000)
  eden space 273408K, 0% used [0x00000000eab00000,0x00000000eab00000,0x00000000fb600000)
  from space 36864K, 14% used [0x00000000fda00000,0x00000000fdf478a0,0x00000000ffe00000)
  to   space 36864K, 0% used [0x00000000fb600000,0x00000000fb600000,0x00000000fda00000)
 ParOldGen       total 141312K, used 99953K [0x00000000c0000000, 0x00000000c8a00000, 0x00000000eab00000)
  object space 141312K, 70% used [0x00000000c0000000,0x00000000c619c678,0x00000000c8a00000)
 Metaspace       used 83071K, capacity 86025K, committed 86168K, reserved 1124352K
  class space    used 10941K, capacity 11592K, committed 11696K, reserved 1048576K
}
Event: 36.842 GC heap before
{Heap before GC invocations=24 (full 3):
 PSYoungGen      total 310272K, used 278538K [0x00000000eab00000, 0x0000000100000000, 0x0000000100000000)
  eden space 273408K, 99% used [0x00000000eab00000,0x00000000fb5bb210,0x00000000fb600000)
  from space 36864K, 14% used [0x00000000fda00000,0x00000000fdf478a0,0x00000000ffe00000)
  to   space 36864K, 0% used [0x00000000fb600000,0x00000000fb600000,0x00000000fda00000)
 ParOldGen       total 141312K, used 99953K [0x00000000c0000000, 0x00000000c8a00000, 0x00000000eab00000)
  object space 141312K, 70% used [0x00000000c0000000,0x00000000c619c678,0x00000000c8a00000)
 Metaspace       used 83778K, capacity 86893K, committed 87064K, reserved 1124352K
  class space    used 11042K, capacity 11736K, committed 11824K, reserved 1048576K
Event: 36.861 GC heap after
Heap after GC invocations=24 (full 3):
 PSYoungGen      total 310272K, used 36855K [0x00000000eab00000, 0x0000000100000000, 0x0000000100000000)
  eden space 273408K, 0% used [0x00000000eab00000,0x00000000eab00000,0x00000000fb600000)
  from space 36864K, 99% used [0x00000000fb600000,0x00000000fd9fdd70,0x00000000fda00000)
  to   space 38912K, 0% used [0x00000000fda00000,0x00000000fda00000,0x0000000100000000)
 ParOldGen       total 141312K, used 117220K [0x00000000c0000000, 0x00000000c8a00000, 0x00000000eab00000)
  object space 141312K, 82% used [0x00000000c0000000,0x00000000c7279328,0x00000000c8a00000)
 Metaspace       used 83778K, capacity 86893K, committed 87064K, reserved 1124352K
  class space    used 11042K, capacity 11736K, committed 11824K, reserved 1048576K
}
Event: 37.612 GC heap before
{Heap before GC invocations=25 (full 3):
 PSYoungGen      total 310272K, used 310102K [0x00000000eab00000, 0x0000000100000000, 0x0000000100000000)
  eden space 273408K, 99% used [0x00000000eab00000,0x00000000fb5d7de0,0x00000000fb600000)
  from space 36864K, 99% used [0x00000000fb600000,0x00000000fd9fdd70,0x00000000fda00000)
  to   space 38912K, 0% used [0x00000000fda00000,0x00000000fda00000,0x0000000100000000)
 ParOldGen       total 141312K, used 117220K [0x00000000c0000000, 0x00000000c8a00000, 0x00000000eab00000)
  object space 141312K, 82% used [0x00000000c0000000,0x00000000c7279328,0x00000000c8a00000)
 Metaspace       used 83969K, capacity 87167K, committed 87320K, reserved 1124352K
  class space    used 11074K, capacity 11781K, committed 11824K, reserved 1048576K
Event: 37.758 GC heap after
Heap after GC invocations=25 (full 3):
 PSYoungGen      total 242688K, used 38907K [0x00000000eab00000, 0x0000000100000000, 0x0000000100000000)
  eden space 203776K, 0% used [0x00000000eab00000,0x00000000eab00000,0x00000000f7200000)
  from space 38912K, 99% used [0x00000000fda00000,0x00000000ffffeed8,0x0000000100000000)
  to   space 72704K, 0% used [0x00000000f7200000,0x00000000f7200000,0x00000000fb900000)
 ParOldGen       total 169472K, used 169229K [0x00000000c0000000, 0x00000000ca580000, 0x00000000eab00000)
  object space 169472K, 99% used [0x00000000c0000000,0x00000000ca543420,0x00000000ca580000)
 Metaspace       used 83969K, capacity 87167K, committed 87320K, reserved 1124352K
  class space    used 11074K, capacity 11781K, committed 11824K, reserved 1048576K
}
Event: 37.767 GC heap before
{Heap before GC invocations=26 (full 4):
 PSYoungGen      total 242688K, used 38907K [0x00000000eab00000, 0x0000000100000000, 0x0000000100000000)
  eden space 203776K, 0% used [0x00000000eab00000,0x00000000eab00000,0x00000000f7200000)
  from space 38912K, 99% used [0x00000000fda00000,0x00000000ffffeed8,0x0000000100000000)
  to   space 72704K, 0% used [0x00000000f7200000,0x00000000f7200000,0x00000000fb900000)
 ParOldGen       total 169472K, used 169229K [0x00000000c0000000, 0x00000000ca580000, 0x00000000eab00000)
  object space 169472K, 99% used [0x00000000c0000000,0x00000000ca543420,0x00000000ca580000)
 Metaspace       used 83969K, capacity 87167K, committed 87320K, reserved 1124352K
  class space    used 11074K, capacity 11781K, committed 11824K, reserved 1048576K

